This is XeTeX, Version 3.14159265-2.6-0.999991 (TeX Live 2019/Debian) (preloaded format=xelatex 2021.9.27)  27 APR 2022 15:38
entering extended mode
 restricted \write18 enabled.
 %&-line parsing enabled.
**Report/masters-thesis.tex
(./Report/masters-thesis.tex
LaTeX2e <2020-02-02> patch level 2
L3 programming layer <2020-02-14>

! LaTeX Error: File `dissertation.cls' not found.

Type X to quit or <RETURN> to proceed,
or enter new name. (Default extension: cls)

Enter file name: x

 )
(\end occurred when \ifx on line 30 was incomplete)
(\end occurred when \ifx on line 30 was incomplete) 
Here is how much of TeX's memory you used:
 22 strings out of 479819
 439 string characters out of 5895846
 243732 words of memory out of 5000000
 17244 multiletter control sequences out of 15000+600000
 532338 words of font info for 24 fonts, out of 8000000 for 9000
 1348 hyphenation exceptions out of 8191
 14i,0n,17p,132b,10s stack positions out of 5000i,500n,10000p,200000b,80000s

No pages of output.
